2025-04-15 20:14:18,459 [ERROR] Please provide either a company name and URL, or use the -a flag to scrape all companies.
2025-04-15 20:14:35,750 [ERROR] Please provide either a company name and URL, or use the -a flag to scrape all companies.
2025-04-15 20:15:24,403 [ERROR] Please provide either a company name and URL, or use the -a flag to scrape all companies.
2025-04-15 20:16:46,624 [ERROR] Please provide either a company name and URL, or use the -a flag to scrape all companies.
2025-04-15 20:18:34,728 [INFO] Scraping data for all UK companies...
2025-04-15 20:19:31,300 [INFO] Scraping data for all UK companies...
2025-04-15 20:19:31,302 [INFO] Fetching FTSE 100 list from https://en.wikipedia.org/wiki/FTSE_100_Index
2025-04-15 20:19:33,014 [INFO] Searching for financial data URL for 313.16 on Google Finance
2025-04-15 20:19:35,107 [WARNING] Could not find financial data URL for 313.16
2025-04-15 20:19:35,107 [ERROR] Failed to find financial data URL for 313.16
2025-04-15 20:19:35,107 [INFO] Searching for financial data URL for 289.61 on Google Finance
2025-04-15 20:19:36,118 [WARNING] Could not find financial data URL for 289.61
2025-04-15 20:19:36,118 [ERROR] Failed to find financial data URL for 289.61
2025-04-15 20:19:36,118 [INFO] Searching for financial data URL for 411.03 on Google Finance
2025-04-15 20:19:37,464 [WARNING] Could not find financial data URL for 411.03
2025-04-15 20:19:37,466 [ERROR] Failed to find financial data URL for 411.03
2025-04-15 20:19:37,466 [INFO] Searching for financial data URL for 463.72 on Google Finance
2025-04-15 20:19:39,013 [WARNING] Could not find financial data URL for 463.72
2025-04-15 20:19:39,015 [ERROR] Failed to find financial data URL for 463.72
2025-04-15 20:19:39,015 [INFO] Searching for financial data URL for 318.30 on Google Finance
2025-04-15 20:19:40,167 [WARNING] Could not find financial data URL for 318.30
2025-04-15 20:19:40,167 [ERROR] Failed to find financial data URL for 318.30
2025-04-15 20:19:40,167 [INFO] Searching for financial data URL for 142.17 on Google Finance
2025-04-15 20:19:41,214 [WARNING] Could not find financial data URL for 142.17
2025-04-15 20:19:41,214 [ERROR] Failed to find financial data URL for 142.17
2025-04-15 20:19:41,223 [INFO] Searching for financial data URL for 335.98 on Google Finance
2025-04-15 20:19:42,316 [WARNING] Could not find financial data URL for 335.98
2025-04-15 20:19:42,316 [ERROR] Failed to find financial data URL for 335.98
2025-04-15 20:19:42,316 [INFO] Searching for financial data URL for 322.98 on Google Finance
2025-04-15 20:19:43,587 [WARNING] Could not find financial data URL for 322.98
2025-04-15 20:19:43,587 [ERROR] Failed to find financial data URL for 322.98
2025-04-15 20:19:43,587 [INFO] Searching for financial data URL for 455.96 on Google Finance
2025-04-15 20:19:44,759 [WARNING] Could not find financial data URL for 455.96
2025-04-15 20:19:44,763 [ERROR] Failed to find financial data URL for 455.96
2025-04-15 20:19:44,765 [INFO] Searching for financial data URL for 468.06 on Google Finance
2025-04-15 20:19:48,115 [WARNING] Could not find financial data URL for 468.06
2025-04-15 20:19:48,115 [ERROR] Failed to find financial data URL for 468.06
2025-04-15 20:19:48,115 [INFO] Searching for financial data URL for 488.40 on Google Finance
2025-04-15 20:19:52,424 [WARNING] Could not find financial data URL for 488.40
2025-04-15 20:19:52,426 [ERROR] Failed to find financial data URL for 488.40
2025-04-15 20:19:52,426 [INFO] Searching for financial data URL for 620.60 on Google Finance
2025-04-15 20:19:55,183 [WARNING] Could not find financial data URL for 620.60
2025-04-15 20:19:55,183 [ERROR] Failed to find financial data URL for 620.60
2025-04-15 20:19:55,183 [INFO] Searching for financial data URL for 665.50 on Google Finance
2025-04-15 20:19:59,078 [WARNING] Could not find financial data URL for 665.50
2025-04-15 20:19:59,080 [ERROR] Failed to find financial data URL for 665.50
2025-04-15 20:19:59,080 [INFO] Searching for financial data URL for 812.37 on Google Finance
2025-04-15 20:20:03,066 [WARNING] Could not find financial data URL for 812.37
2025-04-15 20:20:03,066 [ERROR] Failed to find financial data URL for 812.37
2025-04-15 20:20:03,066 [INFO] Searching for financial data URL for 1,000.00 on Google Finance
2025-04-15 20:20:05,570 [WARNING] Could not find financial data URL for 1,000.00
2025-04-15 20:20:05,570 [ERROR] Failed to find financial data URL for 1,000.00
2025-04-15 20:20:05,570 [INFO] Searching for financial data URL for 1,232.20 on Google Finance
2025-04-15 20:20:07,657 [WARNING] Could not find financial data URL for 1,232.20
2025-04-15 20:20:07,657 [ERROR] Failed to find financial data URL for 1,232.20
2025-04-15 20:20:07,661 [INFO] Searching for financial data URL for 1,412.60 on Google Finance
2025-04-15 20:20:09,008 [WARNING] Could not find financial data URL for 1,412.60
2025-04-15 20:20:09,008 [ERROR] Failed to find financial data URL for 1,412.60
2025-04-15 20:20:09,008 [INFO] Searching for financial data URL for 1,679.00 on Google Finance
2025-04-15 20:20:12,089 [WARNING] Could not find financial data URL for 1,679.00
2025-04-15 20:20:12,096 [ERROR] Failed to find financial data URL for 1,679.00
2025-04-15 20:20:12,098 [INFO] Searching for financial data URL for 1,712.70 on Google Finance
2025-04-15 20:20:14,557 [WARNING] Could not find financial data URL for 1,712.70
2025-04-15 20:20:14,559 [ERROR] Failed to find financial data URL for 1,712.70
2025-04-15 20:20:14,559 [INFO] Searching for financial data URL for 1,793.10 on Google Finance
2025-04-15 20:20:17,371 [WARNING] Could not find financial data URL for 1,793.10
2025-04-15 20:20:17,373 [ERROR] Failed to find financial data URL for 1,793.10
2025-04-15 20:20:17,373 [INFO] Searching for financial data URL for 2,422.70 on Google Finance
2025-04-15 20:20:20,126 [WARNING] Could not find financial data URL for 2,422.70
2025-04-15 20:20:20,129 [ERROR] Failed to find financial data URL for 2,422.70
2025-04-15 20:20:20,129 [INFO] Searching for financial data URL for 2,143.50 on Google Finance
2025-04-15 20:20:23,025 [WARNING] Could not find financial data URL for 2,143.50
2025-04-15 20:20:23,031 [ERROR] Failed to find financial data URL for 2,143.50
2025-04-15 20:20:23,031 [INFO] Searching for financial data URL for 2,493.10 on Google Finance
2025-04-15 20:20:25,846 [WARNING] Could not find financial data URL for 2,493.10
2025-04-15 20:20:25,846 [ERROR] Failed to find financial data URL for 2,493.10
2025-04-15 20:20:25,849 [INFO] Searching for financial data URL for 2,846.50 on Google Finance
2025-04-15 20:20:29,167 [WARNING] Could not find financial data URL for 2,846.50
2025-04-15 20:20:29,167 [ERROR] Failed to find financial data URL for 2,846.50
2025-04-15 20:20:29,167 [INFO] Searching for financial data URL for 3,418.40 on Google Finance
2025-04-15 20:20:32,191 [WARNING] Could not find financial data URL for 3,418.40
2025-04-15 20:20:32,194 [ERROR] Failed to find financial data URL for 3,418.40
2025-04-15 20:20:32,195 [INFO] Searching for financial data URL for 3,065.50 on Google Finance
2025-04-15 20:20:35,191 [WARNING] Could not find financial data URL for 3,065.50
2025-04-15 20:20:35,192 [ERROR] Failed to find financial data URL for 3,065.50
2025-04-15 20:20:35,192 [INFO] Searching for financial data URL for 3,689.30 on Google Finance
2025-04-15 20:20:38,579 [WARNING] Could not find financial data URL for 3,689.30
2025-04-15 20:20:38,583 [ERROR] Failed to find financial data URL for 3,689.30
2025-04-15 20:20:38,585 [INFO] Searching for financial data URL for 4,118.50 on Google Finance
2025-04-15 20:20:41,849 [WARNING] Could not find financial data URL for 4,118.50
2025-04-15 20:20:41,849 [ERROR] Failed to find financial data URL for 4,118.50
2025-04-15 20:20:41,849 [INFO] Searching for financial data URL for 5,135.50 on Google Finance
